<?xml version="1.0" encoding="UTF-8"?>
<testng-results ignored="0" total="1" passed="1" failed="0" skipped="0">
  <reporter-output>
  </reporter-output>
  <suite started-at="2022-11-01T13:23:32 IST" name="Default suite" finished-at="2022-11-01T13:23:45 IST" duration-ms="12518">
    <groups>
    </groups>
    <test started-at="2022-11-01T13:23:32 IST" name="Default test" finished-at="2022-11-01T13:23:45 IST" duration-ms="12518">
      <class name="com.crm.vtiger.extent_reports.ExtentReportTest">
        <test-method signature="createReport()[pri:0, instance:com.crm.vtiger.extent_reports.ExtentReportTest@3b6ddd1d]" started-at="2022-11-01T13:23:33 IST" name="createReport" finished-at="2022-11-01T13:23:45 IST" duration-ms="12425" status="PASS">
          <reporter-output>
          </reporter-output>
        </test-method> <!-- createReport -->
      </class> <!-- com.crm.vtiger.extent_reports.ExtentReportTest -->
    </test> <!-- Default test -->
  </suite> <!-- Default suite -->
</testng-results>
