<?xml version="1.0" encoding="UTF-8"?>
<!-- Generated by org.testng.reporters.JUnitXMLReporter -->
<testsuite ignored="4" hostname="DELL-PC" failures="0" tests="3" name="chrome" time="65.215" errors="0" timestamp="2022-10-18T18:01:32 IST">
  <testcase classname="TestNGPracticeTest.CreateOrganisationTest" name="CreateOrg" time="13.118"/>
  <testcase classname="TestNGPracticeTest.CreateOrganisationWithIndTest" name="CreateOrgWithTest" time="16.799"/>
  <testcase classname="TestNGPracticeTest.CreateConWithOrgNameTest" name="CreateConWithOrg" time="32.153"/>
  <testcase classname="com.genericutility.BaseClass" name="@AfterSuite databaseDisconnect" time="0.0">
    <ignored/>
  </testcase> <!-- @AfterSuite databaseDisconnect -->
  <testcase classname="com.genericutility.BaseClass" name="@AfterSuite databaseDisconnect" time="0.0">
    <ignored/>
  </testcase> <!-- @AfterSuite databaseDisconnect -->
  <testcase classname="com.genericutility.BaseClass" name="@BeforeSuite databaseConnection" time="0.0">
    <ignored/>
  </testcase> <!-- @BeforeSuite databaseConnection -->
  <testcase classname="com.genericutility.BaseClass" name="@BeforeSuite databaseConnection" time="0.0">
    <ignored/>
  </testcase> <!-- @BeforeSuite databaseConnection -->
</testsuite> <!-- chrome -->
