<?xml version="1.0" encoding="UTF-8"?>
<!-- Generated by org.testng.reporters.JUnitXMLReporter -->
<testsuite ignored="2" hostname="DELL-PC" failures="0" tests="2" name="Test" time="0.13" errors="0" timestamp="2022-10-19T10:24:21 IST">
  <testcase classname="com.genericutility.BaseClass" name="@BeforeClass launchBrowser" time="-1.6661552611E9">
    <failure type="org.testng.TestNGException" message="
Can inject only one of &amp;lt;ITestContext, XmlTest&amp;gt; into a @BeforeClass annotated launchBrowser.
For more information on native dependency injection please refer to https://testng.org/doc/documentation-main.html#native-dependency-injection">
      <![CDATA[org.testng.TestNGException: 
Can inject only one of <ITestContext, XmlTest> into a @BeforeClass annotated launchBrowser.
For more information on native dependency injection please refer to https://testng.org/doc/documentation-main.html#native-dependency-injection
at java.base/java.util.ArrayList.forEach(ArrayList.java:1540)
... Removed 22 stack frames]]>
    </failure>
  </testcase> <!-- @BeforeClass launchBrowser -->
  <testcase classname="com.genericutility.BaseClass" name="@BeforeMethod logintoApp" time="-1.666155261143E9">
    <skipped/>
  </testcase> <!-- @BeforeMethod logintoApp -->
  <testcase classname="com.genericutility.BaseClass" name="@AfterMethod logoutfromapp" time="-1.666155261165E9">
    <skipped/>
  </testcase> <!-- @AfterMethod logoutfromapp -->
  <testcase classname="com.genericutility.BaseClass" name="@AfterClass closebrowser" time="-1.666155261172E9">
    <skipped/>
  </testcase> <!-- @AfterClass closebrowser -->
  <testcase classname="com.genericutility.BaseClass" name="@BeforeClass launchBrowser" time="-1.666155261179E9">
    <failure type="org.testng.TestNGException" message="
Can inject only one of &amp;lt;ITestContext, XmlTest&amp;gt; into a @BeforeClass annotated launchBrowser.
For more information on native dependency injection please refer to https://testng.org/doc/documentation-main.html#native-dependency-injection">
      <![CDATA[org.testng.TestNGException: 
Can inject only one of <ITestContext, XmlTest> into a @BeforeClass annotated launchBrowser.
For more information on native dependency injection please refer to https://testng.org/doc/documentation-main.html#native-dependency-injection
at java.base/java.util.ArrayList.forEach(ArrayList.java:1540)
... Removed 22 stack frames]]>
    </failure>
  </testcase> <!-- @BeforeClass launchBrowser -->
  <testcase classname="com.genericutility.BaseClass" name="@BeforeMethod logintoApp" time="-1.666155261184E9">
    <skipped/>
  </testcase> <!-- @BeforeMethod logintoApp -->
  <testcase classname="com.genericutility.BaseClass" name="@AfterMethod logoutfromapp" time="-1.66615526119E9">
    <skipped/>
  </testcase> <!-- @AfterMethod logoutfromapp -->
  <testcase classname="com.genericutility.BaseClass" name="@AfterClass closebrowser" time="-1.666155261194E9">
    <skipped/>
  </testcase> <!-- @AfterClass closebrowser -->
  <testcase classname="TestNGPracticeTest.CreateOrganisationWithIndTest" name="CreateOrgWithTest" time="0.0">
    <skipped/>
  </testcase> <!-- CreateOrgWithTest -->
  <testcase classname="TestNGPracticeTest.CreateConWithOrgNameTest" name="CreateConWithOrg" time="0.0">
    <skipped/>
  </testcase> <!-- CreateConWithOrg -->
  <testcase classname="com.genericutility.BaseClass" name="@AfterSuite databaseDisconnect" time="0.0">
    <ignored/>
  </testcase> <!-- @AfterSuite databaseDisconnect -->
  <testcase classname="com.genericutility.BaseClass" name="@BeforeSuite databaseConnection" time="0.0">
    <ignored/>
  </testcase> <!-- @BeforeSuite databaseConnection -->
</testsuite> <!-- Test -->
