<?xml version="1.0" encoding="UTF-8"?>
<!-- Generated by org.testng.reporters.JUnitXMLReporter -->
<testsuite ignored="4" hostname="DELL-PC" failures="0" tests="3" name="Test" time="160.396" errors="0" timestamp="2022-11-01T17:44:22 IST">
  <testcase classname="TestNGPracticeTest.CreateOrganisationTest" name="CreateOrg" time="11.831"/>
  <testcase classname="TestNGPracticeTest.CreateOrganisationWithIndTest" name="CreateOrgWithTest" time="24.265"/>
  <testcase classname="TestNGPracticeTest.CreateConWithOrgNameTest" name="CreateConWithOrg" time="43.355"/>
  <testcase classname="com.genericutility.BaseClassTest" name="@AfterSuite disConnectDatavbase" time="0.0">
    <ignored/>
  </testcase> <!-- @AfterSuite disConnectDatavbase -->
  <testcase classname="com.genericutility.BaseClassTest" name="@AfterSuite disConnectDatavbase" time="0.0">
    <ignored/>
  </testcase> <!-- @AfterSuite disConnectDatavbase -->
  <testcase classname="com.genericutility.BaseClassTest" name="@BeforeSuite dataBaseConnection" time="0.0">
    <ignored/>
  </testcase> <!-- @BeforeSuite dataBaseConnection -->
  <testcase classname="com.genericutility.BaseClassTest" name="@BeforeSuite dataBaseConnection" time="0.0">
    <ignored/>
  </testcase> <!-- @BeforeSuite dataBaseConnection -->
</testsuite> <!-- Test -->
